[DEBUG] 2021-02-19 18:52:27.184 [main] IntegratorServiceImpl - Adding Integrator [org.hibernate.cfg.beanvalidation.BeanValidationIntegrator].
[DEBUG] 2021-02-19 18:52:27.197 [main] IntegratorServiceImpl - Adding Integrator [org.hibernate.secure.spi.JaccIntegrator].
[DEBUG] 2021-02-19 18:52:27.205 [main] IntegratorServiceImpl - Adding Integrator [org.hibernate.cache.internal.CollectionCacheInvalidator].
[INFO ] 2021-02-19 18:52:27.349 [main] Version - HHH000412: Hibernate Core {5.4.4.Final}
[DEBUG] 2021-02-19 18:52:27.354 [main] Environment - HHH000206: hibernate.properties not found
[DEBUG] 2021-02-19 18:52:27.663 [main] LocalXmlResourceResolver - Interpreting public/system identifier : [-//Hibernate/Hibernate Configuration DTD//EN] - [http://www.hibernate.org/dtd/hibernate-configuration-3.0.dtd]
[DEBUG] 2021-02-19 18:52:27.677 [main] LocalXmlResourceResolver - Recognized hibernate-configuration identifier; attempting to resolve on classpath under org/hibernate/
[DEBUG] 2021-02-19 18:52:27.691 [main] JaxbCfgProcessor - cfg.xml document did not define namespaces; wrapping in custom event reader to introduce namespace information
[DEBUG] 2021-02-19 18:52:28.225 [main] ServiceBinding - Overriding existing service binding [org.hibernate.secure.spi.JaccService]
[DEBUG] 2021-02-19 18:52:28.254 [main] RegionFactoryInitiator - Cannot default RegionFactory based on registered strategies as `[]` RegionFactory strategies were registered
[DEBUG] 2021-02-19 18:52:28.255 [main] RegionFactoryInitiator - Cache region factory : org.hibernate.cache.internal.NoCachingRegionFactory
[INFO ] 2021-02-19 18:52:28.268 [main] Version - HCANN000001: Hibernate Commons Annotations {5.1.0.Final}
[DEBUG] 2021-02-19 18:52:28.304 [main] BasicTypeRegistry - Adding type registration boolean -> org.hibernate.type.BooleanType@349d0836
[DEBUG] 2021-02-19 18:52:28.304 [main] BasicTypeRegistry - Adding type registration boolean -> org.hibernate.type.BooleanType@349d0836
[DEBUG] 2021-02-19 18:52:28.304 [main] BasicTypeRegistry - Adding type registration java.lang.Boolean -> org.hibernate.type.BooleanType@349d0836
[DEBUG] 2021-02-19 18:52:28.304 [main] BasicTypeRegistry - Adding type registration numeric_boolean -> org.hibernate.type.NumericBooleanType@2e3a5237
[DEBUG] 2021-02-19 18:52:28.304 [main] BasicTypeRegistry - Adding type registration true_false -> org.hibernate.type.TrueFalseType@35c09b94
[DEBUG] 2021-02-19 18:52:28.305 [main] BasicTypeRegistry - Adding type registration yes_no -> org.hibernate.type.YesNoType@4a699efa
[DEBUG] 2021-02-19 18:52:28.305 [main] BasicTypeRegistry - Adding type registration byte -> org.hibernate.type.ByteType@42f22995
[DEBUG] 2021-02-19 18:52:28.305 [main] BasicTypeRegistry - Adding type registration byte -> org.hibernate.type.ByteType@42f22995
[DEBUG] 2021-02-19 18:52:28.305 [main] BasicTypeRegistry - Adding type registration java.lang.Byte -> org.hibernate.type.ByteType@42f22995
[DEBUG] 2021-02-19 18:52:28.306 [main] BasicTypeRegistry - Adding type registration character -> org.hibernate.type.CharacterType@29182679
[DEBUG] 2021-02-19 18:52:28.307 [main] BasicTypeRegistry - Adding type registration char -> org.hibernate.type.CharacterType@29182679
[DEBUG] 2021-02-19 18:52:28.307 [main] BasicTypeRegistry - Adding type registration java.lang.Character -> org.hibernate.type.CharacterType@29182679
[DEBUG] 2021-02-19 18:52:28.307 [main] BasicTypeRegistry - Adding type registration short -> org.hibernate.type.ShortType@682c1e93
[DEBUG] 2021-02-19 18:52:28.309 [main] BasicTypeRegistry - Adding type registration short -> org.hibernate.type.ShortType@682c1e93
[DEBUG] 2021-02-19 18:52:28.309 [main] BasicTypeRegistry - Adding type registration java.lang.Short -> org.hibernate.type.ShortType@682c1e93
[DEBUG] 2021-02-19 18:52:28.309 [main] BasicTypeRegistry - Adding type registration integer -> org.hibernate.type.IntegerType@715fb77
[DEBUG] 2021-02-19 18:52:28.309 [main] BasicTypeRegistry - Adding type registration int -> org.hibernate.type.IntegerType@715fb77
[DEBUG] 2021-02-19 18:52:28.309 [main] BasicTypeRegistry - Adding type registration java.lang.Integer -> org.hibernate.type.IntegerType@715fb77
[DEBUG] 2021-02-19 18:52:28.310 [main] BasicTypeRegistry - Adding type registration long -> org.hibernate.type.LongType@1eea9d2d
[DEBUG] 2021-02-19 18:52:28.310 [main] BasicTypeRegistry - Adding type registration long -> org.hibernate.type.LongType@1eea9d2d
[DEBUG] 2021-02-19 18:52:28.313 [main] BasicTypeRegistry - Adding type registration java.lang.Long -> org.hibernate.type.LongType@1eea9d2d
[DEBUG] 2021-02-19 18:52:28.313 [main] BasicTypeRegistry - Adding type registration float -> org.hibernate.type.FloatType@6d91790b
[DEBUG] 2021-02-19 18:52:28.313 [main] BasicTypeRegistry - Adding type registration float -> org.hibernate.type.FloatType@6d91790b
[DEBUG] 2021-02-19 18:52:28.314 [main] BasicTypeRegistry - Adding type registration java.lang.Float -> org.hibernate.type.FloatType@6d91790b
[DEBUG] 2021-02-19 18:52:28.314 [main] BasicTypeRegistry - Adding type registration double -> org.hibernate.type.DoubleType@4b1c0397
[DEBUG] 2021-02-19 18:52:28.314 [main] BasicTypeRegistry - Adding type registration double -> org.hibernate.type.DoubleType@4b1c0397
[DEBUG] 2021-02-19 18:52:28.314 [main] BasicTypeRegistry - Adding type registration java.lang.Double -> org.hibernate.type.DoubleType@4b1c0397
[DEBUG] 2021-02-19 18:52:28.315 [main] BasicTypeRegistry - Adding type registration big_decimal -> org.hibernate.type.BigDecimalType@2d84cb86
[DEBUG] 2021-02-19 18:52:28.315 [main] BasicTypeRegistry - Adding type registration java.math.BigDecimal -> org.hibernate.type.BigDecimalType@2d84cb86
[DEBUG] 2021-02-19 18:52:28.315 [main] BasicTypeRegistry - Adding type registration big_integer -> org.hibernate.type.BigIntegerType@4482469c
[DEBUG] 2021-02-19 18:52:28.316 [main] BasicTypeRegistry - Adding type registration java.math.BigInteger -> org.hibernate.type.BigIntegerType@4482469c
[DEBUG] 2021-02-19 18:52:28.316 [main] BasicTypeRegistry - Adding type registration string -> org.hibernate.type.StringType@4b1abd11
[DEBUG] 2021-02-19 18:52:28.316 [main] BasicTypeRegistry - Adding type registration java.lang.String -> org.hibernate.type.StringType@4b1abd11
[DEBUG] 2021-02-19 18:52:28.317 [main] BasicTypeRegistry - Adding type registration nstring -> org.hibernate.type.StringNVarcharType@40021799
[DEBUG] 2021-02-19 18:52:28.317 [main] BasicTypeRegistry - Adding type registration ncharacter -> org.hibernate.type.CharacterNCharType@4bdcaf36
[DEBUG] 2021-02-19 18:52:28.322 [main] BasicTypeRegistry - Adding type registration url -> org.hibernate.type.UrlType@5d39f2d8
[DEBUG] 2021-02-19 18:52:28.322 [main] BasicTypeRegistry - Adding type registration java.net.URL -> org.hibernate.type.UrlType@5d39f2d8
[DEBUG] 2021-02-19 18:52:28.322 [main] BasicTypeRegistry - Adding type registration Duration -> org.hibernate.type.DurationType@71c905a3
[DEBUG] 2021-02-19 18:52:28.323 [main] BasicTypeRegistry - Adding type registration java.time.Duration -> org.hibernate.type.DurationType@71c905a3
[DEBUG] 2021-02-19 18:52:28.326 [main] BasicTypeRegistry - Adding type registration Instant -> org.hibernate.type.InstantType@1d207fad
[DEBUG] 2021-02-19 18:52:28.327 [main] BasicTypeRegistry - Adding type registration java.time.Instant -> org.hibernate.type.InstantType@1d207fad
[DEBUG] 2021-02-19 18:52:28.327 [main] BasicTypeRegistry - Adding type registration LocalDateTime -> org.hibernate.type.LocalDateTimeType@488b50ec
[DEBUG] 2021-02-19 18:52:28.327 [main] BasicTypeRegistry - Adding type registration java.time.LocalDateTime -> org.hibernate.type.LocalDateTimeType@488b50ec
[DEBUG] 2021-02-19 18:52:28.330 [main] BasicTypeRegistry - Adding type registration LocalDate -> org.hibernate.type.LocalDateType@6d2d99fc
[DEBUG] 2021-02-19 18:52:28.330 [main] BasicTypeRegistry - Adding type registration java.time.LocalDate -> org.hibernate.type.LocalDateType@6d2d99fc
[DEBUG] 2021-02-19 18:52:28.330 [main] BasicTypeRegistry - Adding type registration LocalTime -> org.hibernate.type.LocalTimeType@3a095ec0
[DEBUG] 2021-02-19 18:52:28.330 [main] BasicTypeRegistry - Adding type registration java.time.LocalTime -> org.hibernate.type.LocalTimeType@3a095ec0
[DEBUG] 2021-02-19 18:52:28.331 [main] BasicTypeRegistry - Adding type registration OffsetDateTime -> org.hibernate.type.OffsetDateTimeType@7e8a46b7
[DEBUG] 2021-02-19 18:52:28.331 [main] BasicTypeRegistry - Adding type registration java.time.OffsetDateTime -> org.hibernate.type.OffsetDateTimeType@7e8a46b7
[DEBUG] 2021-02-19 18:52:28.332 [main] BasicTypeRegistry - Adding type registration OffsetTime -> org.hibernate.type.OffsetTimeType@1e6308a9
[DEBUG] 2021-02-19 18:52:28.334 [main] BasicTypeRegistry - Adding type registration java.time.OffsetTime -> org.hibernate.type.OffsetTimeType@1e6308a9
[DEBUG] 2021-02-19 18:52:28.335 [main] BasicTypeRegistry - Adding type registration ZonedDateTime -> org.hibernate.type.ZonedDateTimeType@783ec989
[DEBUG] 2021-02-19 18:52:28.336 [main] BasicTypeRegistry - Adding type registration java.time.ZonedDateTime -> org.hibernate.type.ZonedDateTimeType@783ec989
[DEBUG] 2021-02-19 18:52:28.336 [main] BasicTypeRegistry - Adding type registration date -> org.hibernate.type.DateType@3241713e
[DEBUG] 2021-02-19 18:52:28.336 [main] BasicTypeRegistry - Adding type registration java.sql.Date -> org.hibernate.type.DateType@3241713e
[DEBUG] 2021-02-19 18:52:28.337 [main] BasicTypeRegistry - Adding type registration time -> org.hibernate.type.TimeType@18324f97
[DEBUG] 2021-02-19 18:52:28.337 [main] BasicTypeRegistry - Adding type registration java.sql.Time -> org.hibernate.type.TimeType@18324f97
[DEBUG] 2021-02-19 18:52:28.338 [main] BasicTypeRegistry - Adding type registration timestamp -> org.hibernate.type.TimestampType@2687f956
[DEBUG] 2021-02-19 18:52:28.340 [main] BasicTypeRegistry - Adding type registration java.sql.Timestamp -> org.hibernate.type.TimestampType@2687f956
[DEBUG] 2021-02-19 18:52:28.340 [main] BasicTypeRegistry - Adding type registration java.util.Date -> org.hibernate.type.TimestampType@2687f956
[DEBUG] 2021-02-19 18:52:28.340 [main] BasicTypeRegistry - Adding type registration dbtimestamp -> org.hibernate.type.DbTimestampType@4650a407
[DEBUG] 2021-02-19 18:52:28.342 [main] BasicTypeRegistry - Adding type registration calendar -> org.hibernate.type.CalendarType@245a060f
[DEBUG] 2021-02-19 18:52:28.342 [main] BasicTypeRegistry - Adding type registration java.util.Calendar -> org.hibernate.type.CalendarType@245a060f
[DEBUG] 2021-02-19 18:52:28.342 [main] BasicTypeRegistry - Adding type registration java.util.GregorianCalendar -> org.hibernate.type.CalendarType@245a060f
[DEBUG] 2021-02-19 18:52:28.349 [main] BasicTypeRegistry - Adding type registration calendar_date -> org.hibernate.type.CalendarDateType@2d195ee4
[DEBUG] 2021-02-19 18:52:28.349 [main] BasicTypeRegistry - Adding type registration locale -> org.hibernate.type.LocaleType@6b1e7ad3
[DEBUG] 2021-02-19 18:52:28.350 [main] BasicTypeRegistry - Adding type registration java.util.Locale -> org.hibernate.type.LocaleType@6b1e7ad3
[DEBUG] 2021-02-19 18:52:28.350 [main] BasicTypeRegistry - Adding type registration currency -> org.hibernate.type.CurrencyType@5972d253
[DEBUG] 2021-02-19 18:52:28.350 [main] BasicTypeRegistry - Adding type registration java.util.Currency -> org.hibernate.type.CurrencyType@5972d253
[DEBUG] 2021-02-19 18:52:28.351 [main] BasicTypeRegistry - Adding type registration timezone -> org.hibernate.type.TimeZoneType@551de37d
[DEBUG] 2021-02-19 18:52:28.351 [main] BasicTypeRegistry - Adding type registration java.util.TimeZone -> org.hibernate.type.TimeZoneType@551de37d
[DEBUG] 2021-02-19 18:52:28.352 [main] BasicTypeRegistry - Adding type registration class -> org.hibernate.type.ClassType@7a18e8d
[DEBUG] 2021-02-19 18:52:28.352 [main] BasicTypeRegistry - Adding type registration java.lang.Class -> org.hibernate.type.ClassType@7a18e8d
[DEBUG] 2021-02-19 18:52:28.352 [main] BasicTypeRegistry - Adding type registration uuid-binary -> org.hibernate.type.UUIDBinaryType@4c9e38
[DEBUG] 2021-02-19 18:52:28.352 [main] BasicTypeRegistry - Adding type registration java.util.UUID -> org.hibernate.type.UUIDBinaryType@4c9e38
[DEBUG] 2021-02-19 18:52:28.353 [main] BasicTypeRegistry - Adding type registration uuid-char -> org.hibernate.type.UUIDCharType@5f14a673
[DEBUG] 2021-02-19 18:52:28.353 [main] BasicTypeRegistry - Adding type registration binary -> org.hibernate.type.BinaryType@40ab8a8
[DEBUG] 2021-02-19 18:52:28.353 [main] BasicTypeRegistry - Adding type registration byte[] -> org.hibernate.type.BinaryType@40ab8a8
[DEBUG] 2021-02-19 18:52:28.353 [main] BasicTypeRegistry - Adding type registration [B -> org.hibernate.type.BinaryType@40ab8a8
[DEBUG] 2021-02-19 18:52:28.354 [main] BasicTypeRegistry - Adding type registration wrapper-binary -> org.hibernate.type.WrapperBinaryType@6dd93a21
[DEBUG] 2021-02-19 18:52:28.354 [main] BasicTypeRegistry - Adding type registration Byte[] -> org.hibernate.type.WrapperBinaryType@6dd93a21
[DEBUG] 2021-02-19 18:52:28.354 [main] BasicTypeRegistry - Adding type registration [Ljava.lang.Byte; -> org.hibernate.type.WrapperBinaryType@6dd93a21
[DEBUG] 2021-02-19 18:52:28.354 [main] BasicTypeRegistry - Adding type registration row_version -> org.hibernate.type.RowVersionType@37095ded
[DEBUG] 2021-02-19 18:52:28.354 [main] BasicTypeRegistry - Adding type registration image -> org.hibernate.type.ImageType@7923f5b3
[DEBUG] 2021-02-19 18:52:28.355 [main] BasicTypeRegistry - Adding type registration characters -> org.hibernate.type.CharArrayType@340b7ef6
[DEBUG] 2021-02-19 18:52:28.355 [main] BasicTypeRegistry - Adding type registration char[] -> org.hibernate.type.CharArrayType@340b7ef6
[DEBUG] 2021-02-19 18:52:28.355 [main] BasicTypeRegistry - Adding type registration [C -> org.hibernate.type.CharArrayType@340b7ef6
[DEBUG] 2021-02-19 18:52:28.356 [main] BasicTypeRegistry - Adding type registration wrapper-characters -> org.hibernate.type.CharacterArrayType@7b208b45
[DEBUG] 2021-02-19 18:52:28.356 [main] BasicTypeRegistry - Adding type registration [Ljava.lang.Character; -> org.hibernate.type.CharacterArrayType@7b208b45
[DEBUG] 2021-02-19 18:52:28.357 [main] BasicTypeRegistry - Adding type registration Character[] -> org.hibernate.type.CharacterArrayType@7b208b45
[DEBUG] 2021-02-19 18:52:28.357 [main] BasicTypeRegistry - Adding type registration text -> org.hibernate.type.TextType@3e83c18
[DEBUG] 2021-02-19 18:52:28.357 [main] BasicTypeRegistry - Adding type registration ntext -> org.hibernate.type.NTextType@c446b14
[DEBUG] 2021-02-19 18:52:28.358 [main] BasicTypeRegistry - Adding type registration blob -> org.hibernate.type.BlobType@75b3673
[DEBUG] 2021-02-19 18:52:28.361 [main] BasicTypeRegistry - Adding type registration java.sql.Blob -> org.hibernate.type.BlobType@75b3673
[DEBUG] 2021-02-19 18:52:28.363 [main] BasicTypeRegistry - Adding type registration materialized_blob -> org.hibernate.type.MaterializedBlobType@31fc71ab
[DEBUG] 2021-02-19 18:52:28.363 [main] BasicTypeRegistry - Adding type registration clob -> org.hibernate.type.ClobType@425d5d46
[DEBUG] 2021-02-19 18:52:28.363 [main] BasicTypeRegistry - Adding type registration java.sql.Clob -> org.hibernate.type.ClobType@425d5d46
[DEBUG] 2021-02-19 18:52:28.364 [main] BasicTypeRegistry - Adding type registration nclob -> org.hibernate.type.NClobType@76954a33
[DEBUG] 2021-02-19 18:52:28.364 [main] BasicTypeRegistry - Adding type registration java.sql.NClob -> org.hibernate.type.NClobType@76954a33
[DEBUG] 2021-02-19 18:52:28.364 [main] BasicTypeRegistry - Adding type registration materialized_clob -> org.hibernate.type.MaterializedClobType@7bef452c
[DEBUG] 2021-02-19 18:52:28.364 [main] BasicTypeRegistry - Adding type registration materialized_nclob -> org.hibernate.type.MaterializedNClobType@4bee18dc
[DEBUG] 2021-02-19 18:52:28.365 [main] BasicTypeRegistry - Adding type registration serializable -> org.hibernate.type.SerializableType@3c89bb12
[DEBUG] 2021-02-19 18:52:28.366 [main] BasicTypeRegistry - Adding type registration object -> org.hibernate.type.ObjectType@1bc425e7
[DEBUG] 2021-02-19 18:52:28.366 [main] BasicTypeRegistry - Adding type registration java.lang.Object -> org.hibernate.type.ObjectType@1bc425e7
[DEBUG] 2021-02-19 18:52:28.373 [main] BasicTypeRegistry - Adding type registration imm_date -> org.hibernate.type.AdaptedImmutableType@6ceb7b5e
[DEBUG] 2021-02-19 18:52:28.373 [main] BasicTypeRegistry - Adding type registration imm_time -> org.hibernate.type.AdaptedImmutableType@7dd00705
[DEBUG] 2021-02-19 18:52:28.373 [main] BasicTypeRegistry - Adding type registration imm_timestamp -> org.hibernate.type.AdaptedImmutableType@f14e5bf
[DEBUG] 2021-02-19 18:52:28.373 [main] BasicTypeRegistry - Adding type registration imm_dbtimestamp -> org.hibernate.type.AdaptedImmutableType@d176a31
[DEBUG] 2021-02-19 18:52:28.373 [main] BasicTypeRegistry - Adding type registration imm_calendar -> org.hibernate.type.AdaptedImmutableType@3a91d146
[DEBUG] 2021-02-19 18:52:28.373 [main] BasicTypeRegistry - Adding type registration imm_calendar_date -> org.hibernate.type.AdaptedImmutableType@4784013e
[DEBUG] 2021-02-19 18:52:28.373 [main] BasicTypeRegistry - Adding type registration imm_binary -> org.hibernate.type.AdaptedImmutableType@6f952d6c
[DEBUG] 2021-02-19 18:52:28.373 [main] BasicTypeRegistry - Adding type registration imm_serializable -> org.hibernate.type.AdaptedImmutableType@5965844d
[DEBUG] 2021-02-19 18:52:28.416 [main] DefaultIdentifierGeneratorFactory - Registering IdentifierGenerator strategy [uuid2] -> [org.hibernate.id.UUIDGenerator]
[DEBUG] 2021-02-19 18:52:28.417 [main] DefaultIdentifierGeneratorFactory - Registering IdentifierGenerator strategy [guid] -> [org.hibernate.id.GUIDGenerator]
[DEBUG] 2021-02-19 18:52:28.417 [main] DefaultIdentifierGeneratorFactory - Registering IdentifierGenerator strategy [uuid] -> [org.hibernate.id.UUIDHexGenerator]
[DEBUG] 2021-02-19 18:52:28.417 [main] DefaultIdentifierGeneratorFactory - Registering IdentifierGenerator strategy [uuid.hex] -> [org.hibernate.id.UUIDHexGenerator]
[DEBUG] 2021-02-19 18:52:28.418 [main] DefaultIdentifierGeneratorFactory - Registering IdentifierGenerator strategy [assigned] -> [org.hibernate.id.Assigned]
[DEBUG] 2021-02-19 18:52:28.419 [main] DefaultIdentifierGeneratorFactory - Registering IdentifierGenerator strategy [identity] -> [org.hibernate.id.IdentityGenerator]
[DEBUG] 2021-02-19 18:52:28.419 [main] DefaultIdentifierGeneratorFactory - Registering IdentifierGenerator strategy [select] -> [org.hibernate.id.SelectGenerator]
[DEBUG] 2021-02-19 18:52:28.419 [main] DefaultIdentifierGeneratorFactory - Registering IdentifierGenerator strategy [sequence] -> [org.hibernate.id.enhanced.SequenceStyleGenerator]
[DEBUG] 2021-02-19 18:52:28.420 [main] DefaultIdentifierGeneratorFactory - Registering IdentifierGenerator strategy [seqhilo] -> [org.hibernate.id.SequenceHiLoGenerator]
[DEBUG] 2021-02-19 18:52:28.420 [main] DefaultIdentifierGeneratorFactory - Registering IdentifierGenerator strategy [increment] -> [org.hibernate.id.IncrementGenerator]
[DEBUG] 2021-02-19 18:52:28.420 [main] DefaultIdentifierGeneratorFactory - Registering IdentifierGenerator strategy [foreign] -> [org.hibernate.id.ForeignGenerator]
[DEBUG] 2021-02-19 18:52:28.421 [main] DefaultIdentifierGeneratorFactory - Registering IdentifierGenerator strategy [sequence-identity] -> [org.hibernate.id.SequenceIdentityGenerator]
[DEBUG] 2021-02-19 18:52:28.421 [main] DefaultIdentifierGeneratorFactory - Registering IdentifierGenerator strategy [enhanced-sequence] -> [org.hibernate.id.enhanced.SequenceStyleGenerator]
[DEBUG] 2021-02-19 18:52:28.421 [main] DefaultIdentifierGeneratorFactory - Registering IdentifierGenerator strategy [enhanced-table] -> [org.hibernate.id.enhanced.TableGenerator]
[INFO ] 2021-02-19 18:52:28.425 [main] C3P0ConnectionProvider - HHH010002: C3P0 using driver: com.mysql.cj.jdbc.Driver at URL: jdbc:mysql://localhost:3306/TestJSONGenerator
[INFO ] 2021-02-19 18:52:28.428 [main] C3P0ConnectionProvider - HHH10001001: Connection properties: {password=****, user=root}
[INFO ] 2021-02-19 18:52:28.428 [main] C3P0ConnectionProvider - HHH10001003: Autocommit mode: false
[INFO ] 2021-02-19 18:52:28.555 [main] C3P0ConnectionProvider - HHH10001007: JDBC isolation level: <unknown>
[DEBUG] 2021-02-19 18:52:29.034 [main] JdbcEnvironmentInitiator - Database ->
       name : MySQL
    version : 8.0.22
      major : 8
      minor : 0
[DEBUG] 2021-02-19 18:52:29.034 [main] JdbcEnvironmentInitiator - Driver ->
       name : MySQL Connector/J
    version : mysql-connector-java-8.0.16 (Revision: 34cbc6bc61f72836e26327537a432d6db7c77de6)
      major : 8
      minor : 0
[DEBUG] 2021-02-19 18:52:29.034 [main] JdbcEnvironmentInitiator - JDBC version : 4.2
[INFO ] 2021-02-19 18:52:29.080 [main] Dialect - HHH000400: Using dialect: org.hibernate.dialect.MySQL8Dialect
[DEBUG] 2021-02-19 18:52:29.101 [main] IdentifierHelperBuilder - JDBC driver metadata reported database stores quoted identifiers in more than one case
[DEBUG] 2021-02-19 18:52:29.135 [main] IdentifierHelperBuilder - IdentifierCaseStrategy for both quoted and unquoted identifiers was set to the same strategy [MIXED]; that will likely lead to problems in schema update and validation if using quoted identifiers
[DEBUG] 2021-02-19 18:52:29.170 [main] Namespace - Created database namespace [logicalName=Name{catalog=null, schema=null}, physicalName=Name{catalog=null, schema=null}]
[DEBUG] 2021-02-19 18:52:29.174 [main] TypeConfiguration$Scope - Scoping TypeConfiguration [org.hibernate.type.spi.TypeConfiguration@6014a9ba] to MetadataBuildingContext [org.hibernate.boot.internal.MetadataBuildingContextRootImpl@acdcf71]
[DEBUG] 2021-02-19 18:52:29.213 [main] AnnotationBinder - Binding entity from annotated class: com.pjcraig.entity.User
[DEBUG] 2021-02-19 18:52:29.232 [main] Ejb3Column - Binding column: Ejb3DiscriminatorColumn{logicalColumnName'DTYPE', discriminatorTypeName='string'}
[DEBUG] 2021-02-19 18:52:29.236 [main] EntityBinder - Import with entity name User
[DEBUG] 2021-02-19 18:52:29.241 [main] EntityBinder - Bind entity com.pjcraig.entity.User on table user
[DEBUG] 2021-02-19 18:52:29.261 [main] Ejb3Column - Binding column: Ejb3Column{table=org.hibernate.mapping.Table(user), mappingColumn=id, insertable=true, updatable=true, unique=false}
[DEBUG] 2021-02-19 18:52:29.262 [main] PropertyBinder - MetadataSourceProcessor property id with lazy=false
[DEBUG] 2021-02-19 18:52:29.270 [main] AbstractPropertyHolder - Attempting to locate auto-apply AttributeConverter for property [com.pjcraig.entity.User:id]
[DEBUG] 2021-02-19 18:52:29.271 [main] SimpleValueBinder - building SimpleValue for id
[DEBUG] 2021-02-19 18:52:29.272 [main] PropertyBinder - Building property id
[DEBUG] 2021-02-19 18:52:29.274 [main] BinderHelper - #makeIdGenerator(org.hibernate.mapping.SimpleValue([org.hibernate.mapping.Column(id)]), id, org.hibernate.id.enhanced.SequenceStyleGenerator, native, ...)
[DEBUG] 2021-02-19 18:52:29.274 [main] Ejb3Column - Binding column: Ejb3Column{table=org.hibernate.mapping.Table(user), mappingColumn=email, insertable=true, updatable=true, unique=false}
[DEBUG] 2021-02-19 18:52:29.274 [main] PropertyBinder - MetadataSourceProcessor property email with lazy=false
[DEBUG] 2021-02-19 18:52:29.274 [main] AbstractPropertyHolder - Attempting to locate auto-apply AttributeConverter for property [com.pjcraig.entity.User:email]
[DEBUG] 2021-02-19 18:52:29.277 [main] SimpleValueBinder - building SimpleValue for email
[DEBUG] 2021-02-19 18:52:29.281 [main] PropertyBinder - Building property email
[DEBUG] 2021-02-19 18:52:29.281 [main] Ejb3Column - Binding column: Ejb3Column{table=org.hibernate.mapping.Table(user), mappingColumn=nickname, insertable=true, updatable=true, unique=false}
[DEBUG] 2021-02-19 18:52:29.281 [main] PropertyBinder - MetadataSourceProcessor property nickname with lazy=false
[DEBUG] 2021-02-19 18:52:29.281 [main] AbstractPropertyHolder - Attempting to locate auto-apply AttributeConverter for property [com.pjcraig.entity.User:nickname]
[DEBUG] 2021-02-19 18:52:29.281 [main] SimpleValueBinder - building SimpleValue for nickname
[DEBUG] 2021-02-19 18:52:29.281 [main] PropertyBinder - Building property nickname
[DEBUG] 2021-02-19 18:52:29.281 [main] Ejb3Column - Binding column: Ejb3Column{table=org.hibernate.mapping.Table(user), mappingColumn=password, insertable=true, updatable=true, unique=false}
[DEBUG] 2021-02-19 18:52:29.282 [main] PropertyBinder - MetadataSourceProcessor property password with lazy=false
[DEBUG] 2021-02-19 18:52:29.282 [main] AbstractPropertyHolder - Attempting to locate auto-apply AttributeConverter for property [com.pjcraig.entity.User:password]
[DEBUG] 2021-02-19 18:52:29.282 [main] SimpleValueBinder - building SimpleValue for password
[DEBUG] 2021-02-19 18:52:29.282 [main] PropertyBinder - Building property password
[DEBUG] 2021-02-19 18:52:29.283 [main] SimpleValueBinder - Starting fillSimpleValue for id
[DEBUG] 2021-02-19 18:52:29.283 [main] SimpleValueBinder - Starting fillSimpleValue for email
[DEBUG] 2021-02-19 18:52:29.283 [main] SimpleValueBinder - Starting fillSimpleValue for nickname
[DEBUG] 2021-02-19 18:52:29.283 [main] SimpleValueBinder - Starting fillSimpleValue for password
[DEBUG] 2021-02-19 18:52:29.284 [main] PrimaryKey - Forcing column [id] to be non-null as it is part of the primary key for table [user]
[DEBUG] 2021-02-19 18:52:29.312 [main] SessionFactoryImpl - Building session factory
[DEBUG] 2021-02-19 18:52:29.317 [main] Settings - SessionFactory name : null
[DEBUG] 2021-02-19 18:52:29.317 [main] Settings - Automatic flush during beforeCompletion(): enabled
[DEBUG] 2021-02-19 18:52:29.317 [main] Settings - Automatic session close at end of transaction: disabled
[DEBUG] 2021-02-19 18:52:29.317 [main] Settings - Statistics: disabled
[DEBUG] 2021-02-19 18:52:29.317 [main] Settings - Deleted entity synthetic identifier rollback: disabled
[DEBUG] 2021-02-19 18:52:29.317 [main] Settings - Default entity-mode: pojo
[DEBUG] 2021-02-19 18:52:29.317 [main] Settings - Check Nullability in Core (should be disabled when Bean Validation is on): enabled
[DEBUG] 2021-02-19 18:52:29.317 [main] Settings - Allow initialization of lazy state outside session : disabled
[DEBUG] 2021-02-19 18:52:29.317 [main] Settings - Using BatchFetchStyle : LEGACY
[DEBUG] 2021-02-19 18:52:29.317 [main] Settings - Default batch fetch size: -1
[DEBUG] 2021-02-19 18:52:29.317 [main] Settings - Maximum outer join fetch depth: 2
[DEBUG] 2021-02-19 18:52:29.317 [main] Settings - Default null ordering: NONE
[DEBUG] 2021-02-19 18:52:29.317 [main] Settings - Order SQL updates by primary key: disabled
[DEBUG] 2021-02-19 18:52:29.317 [main] Settings - Order SQL inserts for batching: disabled
[DEBUG] 2021-02-19 18:52:29.317 [main] Settings - multi-tenancy strategy : NONE
[DEBUG] 2021-02-19 18:52:29.317 [main] Settings - JTA Track by Thread: enabled
[DEBUG] 2021-02-19 18:52:29.317 [main] Settings - Query language substitutions: {}
[DEBUG] 2021-02-19 18:52:29.318 [main] Settings - Named query checking : enabled
[DEBUG] 2021-02-19 18:52:29.319 [main] Settings - Second-level cache: disabled
[DEBUG] 2021-02-19 18:52:29.319 [main] Settings - Second-level query cache: disabled
[DEBUG] 2021-02-19 18:52:29.319 [main] Settings - Second-level query cache factory: null
[DEBUG] 2021-02-19 18:52:29.319 [main] Settings - Second-level cache region prefix: null
[DEBUG] 2021-02-19 18:52:29.319 [main] Settings - Optimize second-level cache for minimal puts: disabled
[DEBUG] 2021-02-19 18:52:29.319 [main] Settings - Structured second-level cache entries: disabled
[DEBUG] 2021-02-19 18:52:29.319 [main] Settings - Second-level cache direct-reference entries: disabled
[DEBUG] 2021-02-19 18:52:29.319 [main] Settings - Automatic eviction of collection cache: disabled
[DEBUG] 2021-02-19 18:52:29.319 [main] Settings - JDBC batch size: 15
[DEBUG] 2021-02-19 18:52:29.319 [main] Settings - JDBC batch updates for versioned data: enabled
[DEBUG] 2021-02-19 18:52:29.319 [main] Settings - Scrollable result sets: enabled
[DEBUG] 2021-02-19 18:52:29.319 [main] Settings - Wrap result sets: disabled
[DEBUG] 2021-02-19 18:52:29.323 [main] Settings - JDBC3 getGeneratedKeys(): enabled
[DEBUG] 2021-02-19 18:52:29.323 [main] Settings - JDBC result set fetch size: null
[DEBUG] 2021-02-19 18:52:29.323 [main] Settings - Connection release mode: AFTER_TRANSACTION
[DEBUG] 2021-02-19 18:52:29.323 [main] Settings - Generate SQL with comments: disabled
[DEBUG] 2021-02-19 18:52:29.323 [main] Settings - JPA compliance - query : 
[DEBUG] 2021-02-19 18:52:29.323 [main] Settings - JPA compliance - closed-handling : 
[DEBUG] 2021-02-19 18:52:29.323 [main] Settings - JPA compliance - lists : 
[DEBUG] 2021-02-19 18:52:29.323 [main] Settings - JPA compliance - transactions : 
[INFO ] 2021-02-19 18:52:29.365 [main] beans - HHH10005002: No explicit CDI BeanManager reference was passed to Hibernate, but CDI is available on the Hibernate ClassLoader.
[DEBUG] 2021-02-19 18:52:29.386 [main] SessionFactoryImpl - Session factory constructed with filter configurations : {}
[DEBUG] 2021-02-19 18:52:29.386 [main] SessionFactoryImpl - Instantiating session factory with properties: {sun.desktop=gnome, awt.toolkit=sun.awt.X11.XToolkit, java.specification.version=11, sun.cpu.isalist=, hibernate.c3p0.idle_test_period=3000, sun.jnu.encoding=UTF-8, hibernate.c3p0.min_size=5, java.class.path=/home/student/intellij/lib/idea_rt.jar:/home/student/intellij/plugins/junit/lib/junit5-rt.jar:/home/student/intellij/plugins/junit/lib/junit-rt.jar:/home/student/IdeaProjects/MinecraftJSONGenerator/target/test-classes:/home/student/IdeaProjects/MinecraftJSONGenerator/target/classes:/home/student/.m2/repository/org/junit/platform/junit-platform-runner/1.0.0/junit-platform-runner-1.0.0.jar:/home/student/.m2/repository/org/apiguardian/apiguardian-api/1.0.0/apiguardian-api-1.0.0.jar:/home/student/.m2/repository/org/junit/platform/junit-platform-launcher/1.0.0/junit-platform-launcher-1.0.0.jar:/home/student/.m2/repository/org/junit/platform/junit-platform-suite-api/1.0.0/junit-platform-suite-api-1.0.0.jar:/home/student/.m2/repository/org/junit/platform/junit-platform-commons/1.0.0/junit-platform-commons-1.0.0.jar:/home/student/.m2/repository/org/junit/vintage/junit-vintage-engine/4.12.0/junit-vintage-engine-4.12.0.jar:/home/student/.m2/repository/org/junit/platform/junit-platform-engine/1.0.0/junit-platform-engine-1.0.0.jar:/home/student/.m2/repository/org/opentest4j/opentest4j/1.0.0/opentest4j-1.0.0.jar:/home/student/.m2/repository/org/junit/jupiter/junit-jupiter-engine/5.0.0/junit-jupiter-engine-5.0.0.jar:/home/student/.m2/repository/org/junit/jupiter/junit-jupiter-api/5.0.0/junit-jupiter-api-5.0.0.jar:/home/student/.m2/repository/junit/junit/4.12/junit-4.12.jar:/home/student/.m2/repository/org/hamcrest/hamcrest-core/1.3/hamcrest-core-1.3.jar:/home/student/.m2/repository/javax/javaee-web-api/7.0/javaee-web-api-7.0.jar:/home/student/.m2/repository/mysql/mysql-connector-java/8.0.16/mysql-connector-java-8.0.16.jar:/home/student/.m2/repository/com/google/protobuf/protobuf-java/3.6.1/protobuf-java-3.6.1.jar:/home/student/.m2/repository/jstl/jstl/1.2/jstl-1.2.jar:/home/student/.m2/repository/org/apache/logging/log4j/log4j-api/2.10.0/log4j-api-2.10.0.jar:/home/student/.m2/repository/org/apache/logging/log4j/log4j-core/2.10.0/log4j-core-2.10.0.jar:/home/student/.m2/repository/org/hibernate/hibernate-core/5.4.4.Final/hibernate-core-5.4.4.Final.jar:/home/student/.m2/repository/org/jboss/logging/jboss-logging/3.3.2.Final/jboss-logging-3.3.2.Final.jar:/home/student/.m2/repository/javax/persistence/javax.persistence-api/2.2/javax.persistence-api-2.2.jar:/home/student/.m2/repository/org/javassist/javassist/3.24.0-GA/javassist-3.24.0-GA.jar:/home/student/.m2/repository/net/bytebuddy/byte-buddy/1.9.11/byte-buddy-1.9.11.jar:/home/student/.m2/repository/antlr/antlr/2.7.7/antlr-2.7.7.jar:/home/student/.m2/repository/org/jboss/spec/javax/transaction/jboss-transaction-api_1.2_spec/1.1.1.Final/jboss-transaction-api_1.2_spec-1.1.1.Final.jar:/home/student/.m2/repository/org/jboss/jandex/2.0.5.Final/jandex-2.0.5.Final.jar:/home/student/.m2/repository/com/fasterxml/classmate/1.3.4/classmate-1.3.4.jar:/home/student/.m2/repository/javax/activation/javax.activation-api/1.2.0/javax.activation-api-1.2.0.jar:/home/student/.m2/repository/org/dom4j/dom4j/2.1.1/dom4j-2.1.1.jar:/home/student/.m2/repository/org/hibernate/common/hibernate-commons-annotations/5.1.0.Final/hibernate-commons-annotations-5.1.0.Final.jar:/home/student/.m2/repository/javax/xml/bind/jaxb-api/2.3.1/jaxb-api-2.3.1.jar:/home/student/.m2/repository/org/glassfish/jaxb/jaxb-runtime/2.3.1/jaxb-runtime-2.3.1.jar:/home/student/.m2/repository/org/glassfish/jaxb/txw2/2.3.1/txw2-2.3.1.jar:/home/student/.m2/repository/com/sun/istack/istack-commons-runtime/3.0.7/istack-commons-runtime-3.0.7.jar:/home/student/.m2/repository/org/jvnet/staxex/stax-ex/1.8/stax-ex-1.8.jar:/home/student/.m2/repository/com/sun/xml/fastinfoset/FastInfoset/1.2.15/FastInfoset-1.2.15.jar:/home/student/.m2/repository/org/hibernate/hibernate-c3p0/5.4.4.Final/hibernate-c3p0-5.4.4.Final.jar:/home/student/.m2/repository/com/mchange/c3p0/0.9.5.3/c3p0-0.9.5.3.jar:/home/student/.m2/repository/com/mchange/mchange-commons-java/0.2.15/mchange-commons-java-0.2.15.jar, java.vm.vendor=Ubuntu, sun.arch.data.model=64, idea.test.cyclic.buffer.size=1048576, java.vendor.url=https://ubuntu.com/, user.timezone=America/Chicago, os.name=Linux, java.vm.specification.version=11, sun.java.launcher=SUN_STANDARD, user.country=US, sun.boot.library.path=/usr/lib/jvm/java-11-openjdk-amd64/lib, sun.java.command=com.intellij.rt.junit.JUnitStarter -ideVersion5 -junit5 com.pjcraig.persistence.UserDaoTest, jdk.debug=release, sun.cpu.endian=little, user.home=/home/student, hibernate.c3p0.max_statements=50, user.language=en, java.specification.vendor=Oracle Corporation, java.version.date=2021-01-19, java.home=/usr/lib/jvm/java-11-openjdk-amd64, file.separator=/, java.vm.compressedOopsMode=32-bit, line.separator=
, hibernate.c3p0.timeout=300, java.specification.name=Java Platform API Specification, java.vm.specification.vendor=Oracle Corporation, java.awt.graphicsenv=sun.awt.X11GraphicsEnvironment, connection.password=student, sun.management.compiler=HotSpot 64-Bit Tiered Compilers, hibernate.c3p0.max_size=20, java.runtime.version=11.0.10+9-Ubuntu-0ubuntu1.20.04, user.name=student, path.separator=:, hibernate.connection.username=****, os.version=5.4.0-65-generic, java.runtime.name=OpenJDK Runtime Environment, hibernate.connection.url=jdbc:mysql://localhost:3306/TestJSONGenerator, file.encoding=UTF-8, java.vm.name=OpenJDK 64-Bit Server VM, hibernate.connection.driver_class=com.mysql.cj.jdbc.Driver, java.vendor.url.bug=https://bugs.launchpad.net/ubuntu/+source/openjdk-lts, java.io.tmpdir=/tmp, java.version=11.0.10, user.dir=/home/student/IdeaProjects/MinecraftJSONGenerator, os.arch=amd64, connection.username=root, java.vm.specification.name=Java Virtual Machine Specification, java.awt.printerjob=sun.print.PSPrinterJob, hibernate.connection.password=****, sun.os.patch.level=unknown, connection.driver_class=com.mysql.cj.jdbc.Driver, hibernate.boot.CfgXmlAccessService.key=org.hibernate.boot.cfgxml.spi.LoadedConfig@187e5235, java.library.path=/usr/java/packages/lib:/usr/lib/x86_64-linux-gnu/jni:/lib/x86_64-linux-gnu:/usr/lib/x86_64-linux-gnu:/usr/lib/jni:/lib:/usr/lib, java.vendor=Ubuntu, java.vm.info=mixed mode, sharing, java.vm.version=11.0.10+9-Ubuntu-0ubuntu1.20.04, hibernate.bytecode.use_reflection_optimizer=false, sun.io.unicode.encoding=UnicodeLittle, connection.url=jdbc:mysql://localhost:3306/TestJSONGenerator, java.class.version=55.0}
[DEBUG] 2021-02-19 18:52:29.405 [main] TypeSafeActivator - Unable to acquire Bean Validation ValidatorFactory, skipping activation
[DEBUG] 2021-02-19 18:52:29.405 [main] JaccIntegrator - Skipping JACC integration as it was not enabled
[DEBUG] 2021-02-19 18:52:29.405 [main] SessionFactoryImpl - Instantiated session factory
[DEBUG] 2021-02-19 18:52:29.405 [main] TypeConfiguration$Scope - Scoping TypeConfiguration [org.hibernate.type.spi.TypeConfiguration@6014a9ba] to SessionFactoryImpl [org.hibernate.internal.SessionFactoryImpl@6296474f]
[DEBUG] 2021-02-19 18:52:29.473 [main] ClassLoaderAccessImpl - Not known whether passed class name [com.pjcraig.entity.User] is safe
[DEBUG] 2021-02-19 18:52:29.474 [main] ClassLoaderAccessImpl - No temp ClassLoader provided; using live ClassLoader for loading potentially unsafe class : com.pjcraig.entity.User
[DEBUG] 2021-02-19 18:52:29.487 [main] ClassLoaderAccessImpl - Not known whether passed class name [com.pjcraig.entity.User] is safe
[DEBUG] 2021-02-19 18:52:29.487 [main] ClassLoaderAccessImpl - No temp ClassLoader provided; using live ClassLoader for loading potentially unsafe class : com.pjcraig.entity.User
[DEBUG] 2021-02-19 18:52:29.732 [main] AbstractEntityPersister - Static SQL for entity: com.pjcraig.entity.User
[DEBUG] 2021-02-19 18:52:29.732 [main] AbstractEntityPersister -  Version select: select id from user where id =?
[DEBUG] 2021-02-19 18:52:29.732 [main] AbstractEntityPersister -  Snapshot select: select user_.id, user_.email as email2_0_, user_.nickname as nickname3_0_, user_.password as password4_0_ from user user_ where user_.id=?
[DEBUG] 2021-02-19 18:52:29.732 [main] AbstractEntityPersister -  Insert 0: insert into user (email, nickname, password, id) values (?, ?, ?, ?)
[DEBUG] 2021-02-19 18:52:29.732 [main] AbstractEntityPersister -  Update 0: update user set email=?, nickname=?, password=? where id=?
[DEBUG] 2021-02-19 18:52:29.732 [main] AbstractEntityPersister -  Delete 0: delete from user where id=?
[DEBUG] 2021-02-19 18:52:29.732 [main] AbstractEntityPersister -  Identity insert: insert into user (email, nickname, password) values (?, ?, ?)
[DEBUG] 2021-02-19 18:52:29.755 [main] QuerySpacesImpl - Adding QuerySpace : uid = <gen:0> -> org.hibernate.loader.plan.build.internal.spaces.EntityQuerySpaceImpl@77429040]
[DEBUG] 2021-02-19 18:52:29.760 [main] MetamodelGraphWalker - Visiting attribute path : email
[DEBUG] 2021-02-19 18:52:29.760 [main] MetamodelGraphWalker - Visiting attribute path : nickname
[DEBUG] 2021-02-19 18:52:29.760 [main] MetamodelGraphWalker - Visiting attribute path : password
[DEBUG] 2021-02-19 18:52:29.761 [main] FetchStyleLoadPlanBuildingAssociationVisitationStrategy - Building LoadPlan...
[DEBUG] 2021-02-19 18:52:29.771 [main] LoadQueryJoinAndFetchProcessor - processing queryspace <gen:0>
[DEBUG] 2021-02-19 18:52:29.777 [main] LoadPlanTreePrinter - LoadPlan(entity=com.pjcraig.entity.User)
    - Returns
       - EntityReturnImpl(entity=com.pjcraig.entity.User, querySpaceUid=<gen:0>, path=com.pjcraig.entity.User)
    - QuerySpaces
       - EntityQuerySpaceImpl(uid=<gen:0>, entity=com.pjcraig.entity.User)
          - SQL table alias mapping - user0_
          - alias suffix - 0_
          - suffixed key columns - {id1_0_0_}

[DEBUG] 2021-02-19 18:52:29.778 [main] EntityLoader - Static select for entity com.pjcraig.entity.User [NONE]: select user0_.id as id1_0_0_, user0_.email as email2_0_0_, user0_.nickname as nickname3_0_0_, user0_.password as password4_0_0_ from user user0_ where user0_.id=?
[DEBUG] 2021-02-19 18:52:29.778 [main] QuerySpacesImpl - Adding QuerySpace : uid = <gen:0> -> org.hibernate.loader.plan.build.internal.spaces.EntityQuerySpaceImpl@7945b206]
[DEBUG] 2021-02-19 18:52:29.778 [main] MetamodelGraphWalker - Visiting attribute path : email
[DEBUG] 2021-02-19 18:52:29.782 [main] MetamodelGraphWalker - Visiting attribute path : nickname
[DEBUG] 2021-02-19 18:52:29.782 [main] MetamodelGraphWalker - Visiting attribute path : password
[DEBUG] 2021-02-19 18:52:29.782 [main] FetchStyleLoadPlanBuildingAssociationVisitationStrategy - Building LoadPlan...
[DEBUG] 2021-02-19 18:52:29.782 [main] LoadQueryJoinAndFetchProcessor - processing queryspace <gen:0>
[DEBUG] 2021-02-19 18:52:29.782 [main] LoadPlanTreePrinter - LoadPlan(entity=com.pjcraig.entity.User)
    - Returns
       - EntityReturnImpl(entity=com.pjcraig.entity.User, querySpaceUid=<gen:0>, path=com.pjcraig.entity.User)
    - QuerySpaces
       - EntityQuerySpaceImpl(uid=<gen:0>, entity=com.pjcraig.entity.User)
          - SQL table alias mapping - user0_
          - alias suffix - 0_
          - suffixed key columns - {id1_0_0_}

[DEBUG] 2021-02-19 18:52:29.783 [main] EntityLoader - Static select for entity com.pjcraig.entity.User [READ]: select user0_.id as id1_0_0_, user0_.email as email2_0_0_, user0_.nickname as nickname3_0_0_, user0_.password as password4_0_0_ from user user0_ where user0_.id=?
[DEBUG] 2021-02-19 18:52:29.801 [main] Loader - Static select for action ACTION_MERGE on entity com.pjcraig.entity.User: select user0_.id as id1_0_0_, user0_.email as email2_0_0_, user0_.nickname as nickname3_0_0_, user0_.password as password4_0_0_ from user user0_ where user0_.id=?
[DEBUG] 2021-02-19 18:52:29.802 [main] Loader - Static select for action ACTION_REFRESH on entity com.pjcraig.entity.User: select user0_.id as id1_0_0_, user0_.email as email2_0_0_, user0_.nickname as nickname3_0_0_, user0_.password as password4_0_0_ from user user0_ where user0_.id=?
[DEBUG] 2021-02-19 18:52:29.823 [main] SchemaManagementToolCoordinator - No actions specified; doing nothing
[DEBUG] 2021-02-19 18:52:29.824 [main] JtaPlatformInitiator - No JtaPlatform was specified, checking resolver
[DEBUG] 2021-02-19 18:52:29.825 [main] JtaPlatformResolverInitiator - No JtaPlatformResolver was specified, using default [org.hibernate.engine.transaction.jta.platform.internal.StandardJtaPlatformResolver]
[DEBUG] 2021-02-19 18:52:29.830 [main] StandardJtaPlatformResolver - Could not resolve JtaPlatform, using default [org.hibernate.engine.transaction.jta.platform.internal.NoJtaPlatform]
[INFO ] 2021-02-19 18:52:29.830 [main] JtaPlatformInitiator - HHH000490: Using JtaPlatform implementation: [org.hibernate.engine.transaction.jta.platform.internal.NoJtaPlatform]
[DEBUG] 2021-02-19 18:52:29.831 [main] NamedQueryRepository - Checking 0 named HQL queries
[DEBUG] 2021-02-19 18:52:29.831 [main] NamedQueryRepository - Checking 0 named SQL queries
[DEBUG] 2021-02-19 18:52:29.831 [main] SessionFactoryRegistry - Initializing SessionFactoryRegistry : org.hibernate.internal.SessionFactoryRegistry@7d4d8579
[DEBUG] 2021-02-19 18:52:29.834 [main] SessionFactoryRegistry - Registering SessionFactory: 9a25970e-e86f-4f9c-9a93-136755c0db51 (<unnamed>)
[DEBUG] 2021-02-19 18:52:29.834 [main] SessionFactoryRegistry - Not binding SessionFactory to JNDI, no JNDI name configured
[DEBUG] 2021-02-19 18:52:29.967 [main] StatisticsInitiator - Statistics initialized [enabled=false]
[DEBUG] 2021-02-19 18:52:29.982 [main] SQL - select user0_.id as id1_0_0_, user0_.email as email2_0_0_, user0_.nickname as nickname3_0_0_, user0_.password as password4_0_0_ from user user0_ where user0_.id=?
[DEBUG] 2021-02-19 18:52:29.996 [main] ResultSetProcessorImpl - Starting ResultSet row #0
[DEBUG] 2021-02-19 18:52:29.997 [main] EntityReferenceInitializerImpl - On call to EntityIdentifierReaderImpl#resolve, EntityKey was already known; should only happen on root returns with an optional identifier specified
[DEBUG] 2021-02-19 18:52:30.006 [main] TwoPhaseLoad - Resolving attributes for [com.pjcraig.entity.User#2]
[DEBUG] 2021-02-19 18:52:30.006 [main] TwoPhaseLoad - Processing attribute `email` : value = jdoe@example.com
[DEBUG] 2021-02-19 18:52:30.006 [main] TwoPhaseLoad - Attribute (`email`)  - enhanced for lazy-loading? - false
[DEBUG] 2021-02-19 18:52:30.006 [main] TwoPhaseLoad - Processing attribute `nickname` : value = Kat
[DEBUG] 2021-02-19 18:52:30.006 [main] TwoPhaseLoad - Attribute (`nickname`)  - enhanced for lazy-loading? - false
[DEBUG] 2021-02-19 18:52:30.006 [main] TwoPhaseLoad - Processing attribute `password` : value = password1234
[DEBUG] 2021-02-19 18:52:30.006 [main] TwoPhaseLoad - Attribute (`password`)  - enhanced for lazy-loading? - false
[DEBUG] 2021-02-19 18:52:30.006 [main] TwoPhaseLoad - Done materializing entity [com.pjcraig.entity.User#2]
[DEBUG] 2021-02-19 18:52:30.010 [main] ResourceRegistryStandardImpl - HHH000387: ResultSet's statement was not registered
[DEBUG] 2021-02-19 18:52:30.011 [main] AbstractLoadPlanBasedEntityLoader - Done entity load : com.pjcraig.entity.User#2
[DEBUG] 2021-02-19 18:52:30.011 [main] LogicalConnectionManagedImpl - Initiating JDBC connection release from afterTransaction
[DEBUG] 2021-02-19 18:52:30.015 [main] TransactionImpl - On TransactionImpl creation, JpaCompliance#isJpaTransactionComplianceEnabled == false
[DEBUG] 2021-02-19 18:52:30.015 [main] TransactionImpl - begin
[DEBUG] 2021-02-19 18:52:30.027 [main] TransactionImpl - committing
[DEBUG] 2021-02-19 18:52:30.027 [main] AbstractFlushingEventListener - Processing flush-time cascades
[DEBUG] 2021-02-19 18:52:30.027 [main] AbstractFlushingEventListener - Dirty checking collections
[DEBUG] 2021-02-19 18:52:30.027 [main] AbstractFlushingEventListener - Flushed: 0 insertions, 0 updates, 1 deletions to 1 objects
[DEBUG] 2021-02-19 18:52:30.027 [main] AbstractFlushingEventListener - Flushed: 0 (re)creations, 0 updates, 0 removals to 0 collections
[DEBUG] 2021-02-19 18:52:30.030 [main] EntityPrinter - Listing entities:
[DEBUG] 2021-02-19 18:52:30.030 [main] EntityPrinter - com.pjcraig.entity.User{password=password1234, nickname=Kat, id=2, email=jdoe@example.com}
[DEBUG] 2021-02-19 18:52:30.032 [main] SQL - delete from user where id=?
[DEBUG] 2021-02-19 18:52:30.039 [main] LogicalConnectionManagedImpl - Initiating JDBC connection release from afterTransaction
[DEBUG] 2021-02-19 18:52:30.040 [main] LogicalConnectionManagedImpl - Initiating JDBC connection release from afterTransaction
[DEBUG] 2021-02-19 18:52:30.040 [main] JdbcCoordinatorImpl - HHH000420: Closing un-released batch
[DEBUG] 2021-02-19 18:52:30.040 [main] SQL - select user0_.id as id1_0_0_, user0_.email as email2_0_0_, user0_.nickname as nickname3_0_0_, user0_.password as password4_0_0_ from user user0_ where user0_.id=?
[DEBUG] 2021-02-19 18:52:30.044 [main] ResourceRegistryStandardImpl - HHH000387: ResultSet's statement was not registered
[DEBUG] 2021-02-19 18:52:30.044 [main] AbstractLoadPlanBasedEntityLoader - Done entity load : com.pjcraig.entity.User#2
[DEBUG] 2021-02-19 18:52:30.044 [main] LogicalConnectionManagedImpl - Initiating JDBC connection release from afterTransaction
[DEBUG] 2021-02-19 18:52:30.075 [main] SQL - select user0_.id as id1_0_0_, user0_.email as email2_0_0_, user0_.nickname as nickname3_0_0_, user0_.password as password4_0_0_ from user user0_ where user0_.id=?
[DEBUG] 2021-02-19 18:52:30.079 [main] ResultSetProcessorImpl - Starting ResultSet row #0
[DEBUG] 2021-02-19 18:52:30.079 [main] EntityReferenceInitializerImpl - On call to EntityIdentifierReaderImpl#resolve, EntityKey was already known; should only happen on root returns with an optional identifier specified
[DEBUG] 2021-02-19 18:52:30.079 [main] TwoPhaseLoad - Resolving attributes for [com.pjcraig.entity.User#3]
[DEBUG] 2021-02-19 18:52:30.079 [main] TwoPhaseLoad - Processing attribute `email` : value = almarks@example.com
[DEBUG] 2021-02-19 18:52:30.079 [main] TwoPhaseLoad - Attribute (`email`)  - enhanced for lazy-loading? - false
[DEBUG] 2021-02-19 18:52:30.079 [main] TwoPhaseLoad - Processing attribute `nickname` : value = Marketh
[DEBUG] 2021-02-19 18:52:30.079 [main] TwoPhaseLoad - Attribute (`nickname`)  - enhanced for lazy-loading? - false
[DEBUG] 2021-02-19 18:52:30.079 [main] TwoPhaseLoad - Processing attribute `password` : value = password4321
[DEBUG] 2021-02-19 18:52:30.079 [main] TwoPhaseLoad - Attribute (`password`)  - enhanced for lazy-loading? - false
[DEBUG] 2021-02-19 18:52:30.079 [main] TwoPhaseLoad - Done materializing entity [com.pjcraig.entity.User#3]
[DEBUG] 2021-02-19 18:52:30.079 [main] ResourceRegistryStandardImpl - HHH000387: ResultSet's statement was not registered
[DEBUG] 2021-02-19 18:52:30.079 [main] AbstractLoadPlanBasedEntityLoader - Done entity load : com.pjcraig.entity.User#3
[DEBUG] 2021-02-19 18:52:30.079 [main] LogicalConnectionManagedImpl - Initiating JDBC connection release from afterTransaction
[DEBUG] 2021-02-19 18:52:30.081 [main] TransactionImpl - On TransactionImpl creation, JpaCompliance#isJpaTransactionComplianceEnabled == false
[DEBUG] 2021-02-19 18:52:30.081 [main] TransactionImpl - begin
[DEBUG] 2021-02-19 18:52:30.083 [main] TransactionImpl - committing
[DEBUG] 2021-02-19 18:52:30.083 [main] AbstractFlushingEventListener - Processing flush-time cascades
[DEBUG] 2021-02-19 18:52:30.083 [main] AbstractFlushingEventListener - Dirty checking collections
[DEBUG] 2021-02-19 18:52:30.084 [main] AbstractFlushingEventListener - Flushed: 0 insertions, 1 updates, 0 deletions to 1 objects
[DEBUG] 2021-02-19 18:52:30.084 [main] AbstractFlushingEventListener - Flushed: 0 (re)creations, 0 updates, 0 removals to 0 collections
[DEBUG] 2021-02-19 18:52:30.084 [main] EntityPrinter - Listing entities:
[DEBUG] 2021-02-19 18:52:30.084 [main] EntityPrinter - com.pjcraig.entity.User{password=password4321, nickname=supersecretstuff123, id=3, email=almarks@example.com}
[DEBUG] 2021-02-19 18:52:30.084 [main] SQL - update user set email=?, nickname=?, password=? where id=?
[DEBUG] 2021-02-19 18:52:30.087 [main] LogicalConnectionManagedImpl - Initiating JDBC connection release from afterTransaction
[DEBUG] 2021-02-19 18:52:30.088 [main] LogicalConnectionManagedImpl - Initiating JDBC connection release from afterTransaction
[DEBUG] 2021-02-19 18:52:30.088 [main] SQL - select user0_.id as id1_0_0_, user0_.email as email2_0_0_, user0_.nickname as nickname3_0_0_, user0_.password as password4_0_0_ from user user0_ where user0_.id=?
[DEBUG] 2021-02-19 18:52:30.090 [main] ResultSetProcessorImpl - Starting ResultSet row #0
[DEBUG] 2021-02-19 18:52:30.090 [main] EntityReferenceInitializerImpl - On call to EntityIdentifierReaderImpl#resolve, EntityKey was already known; should only happen on root returns with an optional identifier specified
[DEBUG] 2021-02-19 18:52:30.090 [main] TwoPhaseLoad - Resolving attributes for [com.pjcraig.entity.User#3]
[DEBUG] 2021-02-19 18:52:30.090 [main] TwoPhaseLoad - Processing attribute `email` : value = almarks@example.com
[DEBUG] 2021-02-19 18:52:30.090 [main] TwoPhaseLoad - Attribute (`email`)  - enhanced for lazy-loading? - false
[DEBUG] 2021-02-19 18:52:30.090 [main] TwoPhaseLoad - Processing attribute `nickname` : value = supersecretstuff123
[DEBUG] 2021-02-19 18:52:30.090 [main] TwoPhaseLoad - Attribute (`nickname`)  - enhanced for lazy-loading? - false
[DEBUG] 2021-02-19 18:52:30.090 [main] TwoPhaseLoad - Processing attribute `password` : value = password4321
[DEBUG] 2021-02-19 18:52:30.092 [main] TwoPhaseLoad - Attribute (`password`)  - enhanced for lazy-loading? - false
[DEBUG] 2021-02-19 18:52:30.092 [main] TwoPhaseLoad - Done materializing entity [com.pjcraig.entity.User#3]
[DEBUG] 2021-02-19 18:52:30.092 [main] ResourceRegistryStandardImpl - HHH000387: ResultSet's statement was not registered
[DEBUG] 2021-02-19 18:52:30.092 [main] AbstractLoadPlanBasedEntityLoader - Done entity load : com.pjcraig.entity.User#3
[DEBUG] 2021-02-19 18:52:30.092 [main] LogicalConnectionManagedImpl - Initiating JDBC connection release from afterTransaction
[DEBUG] 2021-02-19 18:52:30.149 [main] CriteriaQueryImpl - Rendered criteria query -> select generatedAlias0 from User as generatedAlias0
[DEBUG] 2021-02-19 18:52:30.171 [main] QueryTranslatorFactoryInitiator - QueryTranslatorFactory: org.hibernate.hql.internal.ast.ASTQueryTranslatorFactory@57bd6a8f
[DEBUG] 2021-02-19 18:52:30.210 [main] QueryTranslatorImpl - parse() - HQL: select generatedAlias0 from com.pjcraig.entity.User as generatedAlias0
[DEBUG] 2021-02-19 18:52:30.216 [main] ErrorTracker - throwQueryException() : no errors
[DEBUG] 2021-02-19 18:52:30.226 [main] QueryTranslatorImpl - --- HQL AST ---
 \-[QUERY] Node: 'query'
    \-[SELECT_FROM] Node: 'SELECT_FROM'
       +-[FROM] Node: 'from'
       |  \-[RANGE] Node: 'RANGE'
       |     +-[DOT] Node: '.'
       |     |  +-[DOT] Node: '.'
       |     |  |  +-[DOT] Node: '.'
       |     |  |  |  +-[IDENT] Node: 'com'
       |     |  |  |  \-[IDENT] Node: 'pjcraig'
       |     |  |  \-[IDENT] Node: 'entity'
       |     |  \-[IDENT] Node: 'User'
       |     \-[ALIAS] Node: 'generatedAlias0'
       \-[SELECT] Node: 'select'
          \-[IDENT] Node: 'generatedAlias0'

[DEBUG] 2021-02-19 18:52:30.248 [main] HqlSqlBaseWalker - select << begin [level=1, statement=select]
[DEBUG] 2021-02-19 18:52:30.261 [main] FromElement - FromClause{level=1} : com.pjcraig.entity.User (generatedAlias0) -> user0_
[DEBUG] 2021-02-19 18:52:30.261 [main] FromReferenceNode - Resolved : generatedAlias0 -> user0_.id
[DEBUG] 2021-02-19 18:52:30.262 [main] HqlSqlBaseWalker - select : finishing up [level=1, statement=select]
[DEBUG] 2021-02-19 18:52:30.263 [main] HqlSqlWalker - processQuery() :  ( SELECT ( {select clause} user0_.id ) ( FromClause{level=1} user user0_ ) )
[DEBUG] 2021-02-19 18:52:30.272 [main] JoinProcessor - Using FROM fragment [user user0_]
[DEBUG] 2021-02-19 18:52:30.272 [main] HqlSqlBaseWalker - select >> end [level=1, statement=select]
[DEBUG] 2021-02-19 18:52:30.277 [main] QueryTranslatorImpl - --- SQL AST ---
 \-[SELECT] QueryNode: 'SELECT'  querySpaces (user)
    +-[SELECT_CLAUSE] SelectClause: '{select clause}'
    |  +-[ALIAS_REF] IdentNode: 'user0_.id as id1_0_' {alias=generatedAlias0, className=com.pjcraig.entity.User, tableAlias=user0_}
    |  \-[SQL_TOKEN] SqlFragment: 'user0_.email as email2_0_, user0_.nickname as nickname3_0_, user0_.password as password4_0_'
    \-[FROM] FromClause: 'from' FromClause{level=1, fromElementCounter=1, fromElements=1, fromElementByClassAlias=[generatedAlias0], fromElementByTableAlias=[user0_], fromElementsByPath=[], collectionJoinFromElementsByPath=[], impliedElements=[]}
       \-[FROM_FRAGMENT] FromElement: 'user user0_' FromElement{explicit,not a collection join,not a fetch join,fetch non-lazy properties,classAlias=generatedAlias0,role=null,tableName=user,tableAlias=user0_,origin=null,columns={,className=com.pjcraig.entity.User}}

[DEBUG] 2021-02-19 18:52:30.277 [main] ErrorTracker - throwQueryException() : no errors
[DEBUG] 2021-02-19 18:52:30.285 [main] QueryTranslatorImpl - HQL: select generatedAlias0 from com.pjcraig.entity.User as generatedAlias0
[DEBUG] 2021-02-19 18:52:30.285 [main] QueryTranslatorImpl - SQL: select user0_.id as id1_0_, user0_.email as email2_0_, user0_.nickname as nickname3_0_, user0_.password as password4_0_ from user user0_
[DEBUG] 2021-02-19 18:52:30.286 [main] ErrorTracker - throwQueryException() : no errors
[DEBUG] 2021-02-19 18:52:30.300 [main] SQL - select user0_.id as id1_0_, user0_.email as email2_0_, user0_.nickname as nickname3_0_, user0_.password as password4_0_ from user user0_
[DEBUG] 2021-02-19 18:52:30.302 [main] Loader - Result set row: 0
[DEBUG] 2021-02-19 18:52:30.302 [main] Loader - Result row: EntityKey[com.pjcraig.entity.User#1]
[DEBUG] 2021-02-19 18:52:30.302 [main] Loader - Result set row: 1
[DEBUG] 2021-02-19 18:52:30.302 [main] Loader - Result row: EntityKey[com.pjcraig.entity.User#2]
[DEBUG] 2021-02-19 18:52:30.303 [main] Loader - Result set row: 2
[DEBUG] 2021-02-19 18:52:30.303 [main] Loader - Result row: EntityKey[com.pjcraig.entity.User#3]
[DEBUG] 2021-02-19 18:52:30.303 [main] TwoPhaseLoad - Resolving attributes for [com.pjcraig.entity.User#1]
[DEBUG] 2021-02-19 18:52:30.303 [main] TwoPhaseLoad - Processing attribute `email` : value = jsmitty@example.com
[DEBUG] 2021-02-19 18:52:30.303 [main] TwoPhaseLoad - Attribute (`email`)  - enhanced for lazy-loading? - false
[DEBUG] 2021-02-19 18:52:30.303 [main] TwoPhaseLoad - Processing attribute `nickname` : value = J. Smitty
[DEBUG] 2021-02-19 18:52:30.303 [main] TwoPhaseLoad - Attribute (`nickname`)  - enhanced for lazy-loading? - false
[DEBUG] 2021-02-19 18:52:30.303 [main] TwoPhaseLoad - Processing attribute `password` : value = password
[DEBUG] 2021-02-19 18:52:30.303 [main] TwoPhaseLoad - Attribute (`password`)  - enhanced for lazy-loading? - false
[DEBUG] 2021-02-19 18:52:30.303 [main] TwoPhaseLoad - Done materializing entity [com.pjcraig.entity.User#1]
[DEBUG] 2021-02-19 18:52:30.303 [main] TwoPhaseLoad - Resolving attributes for [com.pjcraig.entity.User#2]
[DEBUG] 2021-02-19 18:52:30.303 [main] TwoPhaseLoad - Processing attribute `email` : value = jdoe@example.com
[DEBUG] 2021-02-19 18:52:30.303 [main] TwoPhaseLoad - Attribute (`email`)  - enhanced for lazy-loading? - false
[DEBUG] 2021-02-19 18:52:30.303 [main] TwoPhaseLoad - Processing attribute `nickname` : value = Kat
[DEBUG] 2021-02-19 18:52:30.303 [main] TwoPhaseLoad - Attribute (`nickname`)  - enhanced for lazy-loading? - false
[DEBUG] 2021-02-19 18:52:30.303 [main] TwoPhaseLoad - Processing attribute `password` : value = password1234
[DEBUG] 2021-02-19 18:52:30.303 [main] TwoPhaseLoad - Attribute (`password`)  - enhanced for lazy-loading? - false
[DEBUG] 2021-02-19 18:52:30.303 [main] TwoPhaseLoad - Done materializing entity [com.pjcraig.entity.User#2]
[DEBUG] 2021-02-19 18:52:30.303 [main] TwoPhaseLoad - Resolving attributes for [com.pjcraig.entity.User#3]
[DEBUG] 2021-02-19 18:52:30.303 [main] TwoPhaseLoad - Processing attribute `email` : value = almarks@example.com
[DEBUG] 2021-02-19 18:52:30.303 [main] TwoPhaseLoad - Attribute (`email`)  - enhanced for lazy-loading? - false
[DEBUG] 2021-02-19 18:52:30.304 [main] TwoPhaseLoad - Processing attribute `nickname` : value = Marketh
[DEBUG] 2021-02-19 18:52:30.306 [main] TwoPhaseLoad - Attribute (`nickname`)  - enhanced for lazy-loading? - false
[DEBUG] 2021-02-19 18:52:30.307 [main] TwoPhaseLoad - Processing attribute `password` : value = password4321
[DEBUG] 2021-02-19 18:52:30.307 [main] TwoPhaseLoad - Attribute (`password`)  - enhanced for lazy-loading? - false
[DEBUG] 2021-02-19 18:52:30.307 [main] TwoPhaseLoad - Done materializing entity [com.pjcraig.entity.User#3]
[DEBUG] 2021-02-19 18:52:30.308 [main] LogicalConnectionManagedImpl - Initiating JDBC connection release from afterTransaction
[DEBUG] 2021-02-19 18:52:30.338 [main] SQL - select user0_.id as id1_0_0_, user0_.email as email2_0_0_, user0_.nickname as nickname3_0_0_, user0_.password as password4_0_0_ from user user0_ where user0_.id=?
[DEBUG] 2021-02-19 18:52:30.339 [main] ResultSetProcessorImpl - Starting ResultSet row #0
[DEBUG] 2021-02-19 18:52:30.339 [main] EntityReferenceInitializerImpl - On call to EntityIdentifierReaderImpl#resolve, EntityKey was already known; should only happen on root returns with an optional identifier specified
[DEBUG] 2021-02-19 18:52:30.339 [main] TwoPhaseLoad - Resolving attributes for [com.pjcraig.entity.User#2]
[DEBUG] 2021-02-19 18:52:30.339 [main] TwoPhaseLoad - Processing attribute `email` : value = jdoe@example.com
[DEBUG] 2021-02-19 18:52:30.339 [main] TwoPhaseLoad - Attribute (`email`)  - enhanced for lazy-loading? - false
[DEBUG] 2021-02-19 18:52:30.339 [main] TwoPhaseLoad - Processing attribute `nickname` : value = Kat
[DEBUG] 2021-02-19 18:52:30.339 [main] TwoPhaseLoad - Attribute (`nickname`)  - enhanced for lazy-loading? - false
[DEBUG] 2021-02-19 18:52:30.339 [main] TwoPhaseLoad - Processing attribute `password` : value = password1234
[DEBUG] 2021-02-19 18:52:30.339 [main] TwoPhaseLoad - Attribute (`password`)  - enhanced for lazy-loading? - false
[DEBUG] 2021-02-19 18:52:30.339 [main] TwoPhaseLoad - Done materializing entity [com.pjcraig.entity.User#2]
[DEBUG] 2021-02-19 18:52:30.339 [main] ResourceRegistryStandardImpl - HHH000387: ResultSet's statement was not registered
[DEBUG] 2021-02-19 18:52:30.340 [main] AbstractLoadPlanBasedEntityLoader - Done entity load : com.pjcraig.entity.User#2
[DEBUG] 2021-02-19 18:52:30.340 [main] LogicalConnectionManagedImpl - Initiating JDBC connection release from afterTransaction
[DEBUG] 2021-02-19 18:52:30.371 [main] TransactionImpl - On TransactionImpl creation, JpaCompliance#isJpaTransactionComplianceEnabled == false
[DEBUG] 2021-02-19 18:52:30.372 [main] TransactionImpl - begin
[DEBUG] 2021-02-19 18:52:30.376 [main] ActionQueue - Executing identity-insert immediately
[DEBUG] 2021-02-19 18:52:30.378 [main] SQL - insert into user (email, nickname, password) values (?, ?, ?)
[DEBUG] 2021-02-19 18:52:30.384 [main] IdentifierGeneratorHelper - Natively generated identity: 8
[DEBUG] 2021-02-19 18:52:30.384 [main] ResourceRegistryStandardImpl - HHH000387: ResultSet's statement was not registered
[DEBUG] 2021-02-19 18:52:30.384 [main] TransactionImpl - committing
[DEBUG] 2021-02-19 18:52:30.384 [main] AbstractFlushingEventListener - Processing flush-time cascades
[DEBUG] 2021-02-19 18:52:30.384 [main] AbstractFlushingEventListener - Dirty checking collections
[DEBUG] 2021-02-19 18:52:30.384 [main] AbstractFlushingEventListener - Flushed: 0 insertions, 0 updates, 0 deletions to 1 objects
[DEBUG] 2021-02-19 18:52:30.384 [main] AbstractFlushingEventListener - Flushed: 0 (re)creations, 0 updates, 0 removals to 0 collections
[DEBUG] 2021-02-19 18:52:30.384 [main] EntityPrinter - Listing entities:
[DEBUG] 2021-02-19 18:52:30.385 [main] EntityPrinter - com.pjcraig.entity.User{password=longpassword123, nickname=Jeffster, id=8, email=jeff@example.com}
[DEBUG] 2021-02-19 18:52:30.386 [main] LogicalConnectionManagedImpl - Initiating JDBC connection release from afterTransaction
[DEBUG] 2021-02-19 18:52:30.389 [main] LogicalConnectionManagedImpl - Initiating JDBC connection release from afterTransaction
[DEBUG] 2021-02-19 18:52:30.389 [main] SQL - select user0_.id as id1_0_0_, user0_.email as email2_0_0_, user0_.nickname as nickname3_0_0_, user0_.password as password4_0_0_ from user user0_ where user0_.id=?
[DEBUG] 2021-02-19 18:52:30.391 [main] ResultSetProcessorImpl - Starting ResultSet row #0
[DEBUG] 2021-02-19 18:52:30.391 [main] EntityReferenceInitializerImpl - On call to EntityIdentifierReaderImpl#resolve, EntityKey was already known; should only happen on root returns with an optional identifier specified
[DEBUG] 2021-02-19 18:52:30.391 [main] TwoPhaseLoad - Resolving attributes for [com.pjcraig.entity.User#8]
[DEBUG] 2021-02-19 18:52:30.391 [main] TwoPhaseLoad - Processing attribute `email` : value = jeff@example.com
[DEBUG] 2021-02-19 18:52:30.391 [main] TwoPhaseLoad - Attribute (`email`)  - enhanced for lazy-loading? - false
[DEBUG] 2021-02-19 18:52:30.391 [main] TwoPhaseLoad - Processing attribute `nickname` : value = Jeffster
[DEBUG] 2021-02-19 18:52:30.391 [main] TwoPhaseLoad - Attribute (`nickname`)  - enhanced for lazy-loading? - false
[DEBUG] 2021-02-19 18:52:30.391 [main] TwoPhaseLoad - Processing attribute `password` : value = longpassword123
[DEBUG] 2021-02-19 18:52:30.391 [main] TwoPhaseLoad - Attribute (`password`)  - enhanced for lazy-loading? - false
[DEBUG] 2021-02-19 18:52:30.391 [main] TwoPhaseLoad - Done materializing entity [com.pjcraig.entity.User#8]
[DEBUG] 2021-02-19 18:52:30.391 [main] ResourceRegistryStandardImpl - HHH000387: ResultSet's statement was not registered
[DEBUG] 2021-02-19 18:52:30.391 [main] AbstractLoadPlanBasedEntityLoader - Done entity load : com.pjcraig.entity.User#8
[DEBUG] 2021-02-19 18:52:30.391 [main] LogicalConnectionManagedImpl - Initiating JDBC connection release from afterTransaction
